<?xml version="1.0" encoding="UTF-8"?>
<!-- Generated by org.testng.reporters.JUnitReportReporter -->
<testsuite skipped="0" hostname="ADMIN-PC" name="com.emed.qa.Testcase.AddModifyPharmacyTest" tests="1" failures="0" timestamp="05 Mar 2019 06:40:18 GMT" time="35.801" errors="0">
  <testcase name="loginpagetest1" time="35.801" classname="com.emed.qa.Testcase.AddModifyPharmacyTest"/>
</testsuite> <!-- com.emed.qa.Testcase.AddModifyPharmacyTest -->
