<?xml version="1.0" encoding="UTF-8"?>
<!-- Generated by org.testng.reporters.JUnitReportReporter -->
<testsuite skipped="0" hostname="ADMIN-PC" name="com.emed.qa.Testcase.PatientHistorypageTest" tests="1" failures="0" timestamp="26 Apr 2019 10:25:48 GMT" time="68.872" errors="0">
  <testcase name="logintest" time="68.872" classname="com.emed.qa.Testcase.PatientHistorypageTest"/>
</testsuite> <!-- com.emed.qa.Testcase.PatientHistorypageTest -->
