<?xml version="1.0" encoding="UTF-8"?>
<!-- Generated by org.testng.reporters.JUnitReportReporter -->
<testsuite skipped="0" hostname="ADMIN-PC" name="com.emed.qa.Testcase.LoginPageTest" tests="3" failures="0" timestamp="07 Mar 2019 14:01:58 GMT" time="41.386" errors="0">
  <testcase name="eMedHupimagelogoTest" time="10.280" classname="com.emed.qa.Testcase.LoginPageTest"/>
  <testcase name="loginpagetitleTest" time="9.881" classname="com.emed.qa.Testcase.LoginPageTest"/>
  <testcase name="loginpagetest1" time="21.225" classname="com.emed.qa.Testcase.LoginPageTest"/>
</testsuite> <!-- com.emed.qa.Testcase.LoginPageTest -->
