<?xml version="1.0" encoding="UTF-8"?>
<!-- Generated by org.testng.reporters.JUnitReportReporter -->
<testsuite skipped="0" hostname="ADMIN-PC" name="com.emed.qa.Testcase.SymptomsAllergiesTest" tests="7" failures="0" timestamp="20 Feb 2019 09:18:06 GMT" time="132.300" errors="0">
  <testcase name="logintest" time="16.913" classname="com.emed.qa.Testcase.SymptomsAllergiesTest"/>
  <testcase name="logintest" time="19.590" classname="com.emed.qa.Testcase.SymptomsAllergiesTest"/>
  <testcase name="logintest" time="18.777" classname="com.emed.qa.Testcase.SymptomsAllergiesTest"/>
  <testcase name="logintest" time="16.951" classname="com.emed.qa.Testcase.SymptomsAllergiesTest"/>
  <testcase name="logintest" time="20.638" classname="com.emed.qa.Testcase.SymptomsAllergiesTest"/>
  <testcase name="logintest" time="19.709" classname="com.emed.qa.Testcase.SymptomsAllergiesTest"/>
  <testcase name="logintest" time="19.722" classname="com.emed.qa.Testcase.SymptomsAllergiesTest"/>
</testsuite> <!-- com.emed.qa.Testcase.SymptomsAllergiesTest -->
