<?xml version="1.0" encoding="UTF-8"?>
<!-- Generated by org.testng.reporters.JUnitReportReporter -->
<testsuite skipped="0" hostname="ADMIN-PC" name="com.emed.qa.Pages.DoctorHomepageTest" tests="1" failures="0" timestamp="12 Feb 2019 11:37:01 GMT" time="12.609" errors="0">
  <testcase name="loginpagetest1" time="12.609" classname="com.emed.qa.Pages.DoctorHomepageTest"/>
</testsuite> <!-- com.emed.qa.Pages.DoctorHomepageTest -->
