<?xml version="1.0" encoding="UTF-8"?>
<!-- Generated by org.testng.reporters.JUnitReportReporter -->
<testsuite skipped="0" hostname="ADMIN-PC" name="com.emed.qa.Testcase.AssessmentTest" tests="1" failures="0" timestamp="25 Feb 2019 09:35:06 GMT" time="16.889" errors="0">
  <testcase name="logintest" time="16.889" classname="com.emed.qa.Testcase.AssessmentTest"/>
</testsuite> <!-- com.emed.qa.Testcase.AssessmentTest -->
