<?xml version="1.0" encoding="UTF-8"?>
<!-- Generated by org.testng.reporters.JUnitReportReporter -->
<testsuite skipped="0" hostname="ADMIN-PC" name="com.emed.qa.Testcase.SearchModifypharmacyTest" tests="1" failures="0" timestamp="04 Mar 2019 11:13:06 GMT" time="24.999" errors="0">
  <testcase name="loginpagetest1" time="24.999" classname="com.emed.qa.Testcase.SearchModifypharmacyTest"/>
</testsuite> <!-- com.emed.qa.Testcase.SearchModifypharmacyTest -->
