<?xml version="1.0" encoding="UTF-8"?>
<!-- Generated by org.testng.reporters.JUnitReportReporter -->
<testsuite skipped="0" hostname="ADMIN-PC" name="com.emed.qa.Testcase.AddnewInhousepharmacyTest" tests="2" failures="0" timestamp="04 Mar 2019 10:34:30 GMT" time="91.623" errors="0">
  <testcase name="loginpagetest1" time="55.057" classname="com.emed.qa.Testcase.AddnewInhousepharmacyTest"/>
  <testcase name="loginpagetest1" time="36.566" classname="com.emed.qa.Testcase.AddnewInhousepharmacyTest"/>
</testsuite> <!-- com.emed.qa.Testcase.AddnewInhousepharmacyTest -->
