<?xml version="1.0" encoding="UTF-8"?>
<!-- Generated by org.testng.reporters.JUnitReportReporter -->
<testsuite skipped="0" hostname="ADMIN-PC" name="com.emed.qa.Testcase.NewClinicTest" tests="8" failures="0" timestamp="11 Apr 2019 11:59:49 GMT" time="224.484" errors="0">
  <testcase name="loginpagetest1" time="29.493" classname="com.emed.qa.Testcase.NewClinicTest"/>
  <testcase name="loginpagetest1" time="22.265" classname="com.emed.qa.Testcase.NewClinicTest"/>
  <testcase name="loginpagetest1" time="21.673" classname="com.emed.qa.Testcase.NewClinicTest"/>
  <testcase name="loginpagetest1" time="26.345" classname="com.emed.qa.Testcase.NewClinicTest"/>
  <testcase name="loginpagetest1" time="22.409" classname="com.emed.qa.Testcase.NewClinicTest"/>
  <testcase name="loginpagetest1" time="42.578" classname="com.emed.qa.Testcase.NewClinicTest"/>
  <testcase name="loginpagetest1" time="36.633" classname="com.emed.qa.Testcase.NewClinicTest"/>
  <testcase name="loginpagetest1" time="23.088" classname="com.emed.qa.Testcase.NewClinicTest"/>
</testsuite> <!-- com.emed.qa.Testcase.NewClinicTest -->
