<?xml version="1.0" encoding="UTF-8"?>
<!-- Generated by org.testng.reporters.JUnitReportReporter -->
<testsuite skipped="1" hostname="ADMIN-PC" name="com.emed.qa.Testcase.ModifyPharmacyTest" tests="1" failures="0" timestamp="01 Mar 2019 13:09:34 GMT" time="0.000" errors="0">
  <testcase name="loginpagetest1" time="0.000" classname="com.emed.qa.Testcase.ModifyPharmacyTest">
    <skipped/>
  </testcase> <!-- loginpagetest1 -->
</testsuite> <!-- com.emed.qa.Testcase.ModifyPharmacyTest -->
