<?xml version="1.0" encoding="UTF-8"?>
<!-- Generated by org.testng.reporters.JUnitReportReporter -->
<testsuite skipped="0" hostname="ADMIN-PC" name="com.emed.qa.Testcase.ExaminationpageTest" tests="2" failures="0" timestamp="20 Feb 2019 10:56:42 GMT" time="29.100" errors="0">
  <testcase name="logintest" time="14.025" classname="com.emed.qa.Testcase.ExaminationpageTest"/>
  <testcase name="logintest" time="15.075" classname="com.emed.qa.Testcase.ExaminationpageTest"/>
</testsuite> <!-- com.emed.qa.Testcase.ExaminationpageTest -->
