<?xml version="1.0" encoding="UTF-8"?>
<!-- Generated by org.testng.reporters.JUnitReportReporter -->
<testsuite skipped="0" hostname="ADMIN-PC" name="com.emed.qa.Testcase.AddNewPharmacyTest" tests="7" failures="0" timestamp="04 Mar 2019 09:08:55 GMT" time="203.317" errors="0">
  <testcase name="loginpagetest1" time="26.255" classname="com.emed.qa.Testcase.AddNewPharmacyTest"/>
  <testcase name="loginpagetest1" time="28.104" classname="com.emed.qa.Testcase.AddNewPharmacyTest"/>
  <testcase name="loginpagetest1" time="28.582" classname="com.emed.qa.Testcase.AddNewPharmacyTest"/>
  <testcase name="loginpagetest1" time="30.660" classname="com.emed.qa.Testcase.AddNewPharmacyTest"/>
  <testcase name="loginpagetest1" time="29.231" classname="com.emed.qa.Testcase.AddNewPharmacyTest"/>
  <testcase name="loginpagetest1" time="31.115" classname="com.emed.qa.Testcase.AddNewPharmacyTest"/>
  <testcase name="loginpagetest1" time="29.370" classname="com.emed.qa.Testcase.AddNewPharmacyTest"/>
</testsuite> <!-- com.emed.qa.Testcase.AddNewPharmacyTest -->
