<?xml version="1.0" encoding="UTF-8"?>
<!-- Generated by org.testng.reporters.JUnitReportReporter -->
<testsuite skipped="0" hostname="ADMIN-PC" name="com.emed.qa.Testcase.PlanTest" tests="1" failures="0" timestamp="26 Feb 2019 09:26:30 GMT" time="28.503" errors="0">
  <testcase name="logintest" time="28.503" classname="com.emed.qa.Testcase.PlanTest"/>
</testsuite> <!-- com.emed.qa.Testcase.PlanTest -->
